<?xml version="1.0" encoding="UTF-8"?>
<testsuite xmlns:xsi="http://www.w3.org/2001/XMLSchema-instance" xsi:noNamespaceSchemaLocation="https://maven.apache.org/surefire/maven-surefire-plugin/xsd/surefire-test-report-3.0.xsd" version="3.0" name="cycleTest.cycleDemo.CycleDemoApplicationTests" time="13.698" tests="1" errors="0" skipped="0" failures="0">
  <properties>
[...]
</properties>
  <testcase name="contextLoads" classname="cycleTest.cycleDemo.CycleDemoApplicationTests" time="1.215">
    <system-out><![CDATA[14:19:39.305 [main] INFO org.springframework.test.context.support.AnnotationConfigContextLoaderUtils -- Could not detect default configuration classes for test class [cycleTest.cycleDemo.CycleDemoApplicationTests]: CycleDemoApplicationTests does not declare any static, non-private, non-final, nested classes annotated with @Configuration.
14:19:39.575 [main] INFO org.springframework.boot.test.context.SpringBootTestContextBootstrapper -- Found @SpringBootConfiguration cycleTest.cycleDemo.CycleDemoApplication for test class cycleTest.cycleDemo.CycleDemoApplicationTests
14:19:39.945 [main] INFO org.springframework.boot.devtools.restart.RestartApplicationListener -- Restart disabled due to context in which it is running

  .   ____          _            __ _ _
 /\\ / ___'_ __ _ _(_)_ __  __ _ \ \ \ \
( ( )\___ | '_ | '_| | '_ \/ _` | \ \ \ \
 \\/  ___)| |_)| | | | | || (_| |  ) ) ) )
  '  |____| .__|_| |_|_| |_\__, | / / / /
 =========|_|==============|___/=/_/_/_/
 :: Spring Boot ::                (v3.1.5)

2024-01-11T14:19:40.399+06:30  INFO 9200 --- [           main] c.cycleDemo.CycleDemoApplicationTests    : Starting CycleDemoApplicationTests using Java 17.0.9 with PID 9200 (started by User in D:\JavaSpringSha\cycleDemo)
2024-01-11T14:19:40.405+06:30  INFO 9200 --- [           main] c.cycleDemo.CycleDemoApplicationTests    : No active profile set, falling back to 1 default profile: "default"
2024-01-11T14:19:42.145+06:30  INFO 9200 --- [           main] .s.d.r.c.RepositoryConfigurationDelegate : Bootstrapping Spring Data JPA repositories in DEFAULT mode.
2024-01-11T14:19:42.273+06:30  INFO 9200 --- [           main] .s.d.r.c.RepositoryConfigurationDelegate : Finished Spring Data repository scanning in 111 ms. Found 11 JPA repository interfaces.
2024-01-11T14:19:43.273+06:30  INFO 9200 --- [           main] o.hibernate.jpa.internal.util.LogHelper  : HHH000204: Processing PersistenceUnitInfo [name: default]
2024-01-11T14:19:43.407+06:30  INFO 9200 --- [           main] org.hibernate.Version                    : HHH000412: Hibernate ORM core version 6.2.13.Final
2024-01-11T14:19:43.411+06:30  INFO 9200 --- [           main] org.hibernate.cfg.Environment            : HHH000406: Using bytecode reflection optimizer
2024-01-11T14:19:44.053+06:30  INFO 9200 --- [           main] o.s.o.j.p.SpringPersistenceUnitInfo      : No LoadTimeWeaver setup: ignoring JPA class transformer
2024-01-11T14:19:44.105+06:30  INFO 9200 --- [           main] com.zaxxer.hikari.HikariDataSource       : HikariPool-1 - Starting...
2024-01-11T14:19:44.483+06:30  INFO 9200 --- [           main] com.zaxxer.hikari.pool.HikariPool        : HikariPool-1 - Added connection com.mysql.cj.jdbc.ConnectionImpl@2499b971
2024-01-11T14:19:44.487+06:30  INFO 9200 --- [           main] com.zaxxer.hikari.HikariDataSource       : HikariPool-1 - Start completed.
2024-01-11T14:19:44.556+06:30  WARN 9200 --- [           main] org.hibernate.dialect.Dialect            : HHH000511: The 5.5.0 version for [org.hibernate.dialect.MySQLDialect] is no longer supported, hence certain features may not work properly. The minimum supported version is 5.7.0. Check the community dialects project for available legacy versions.
2024-01-11T14:19:44.563+06:30  WARN 9200 --- [           main] org.hibernate.orm.deprecation            : HHH90000025: MySQLDialect does not need to be specified explicitly using 'hibernate.dialect' (remove the property setting and it will be selected by default)
2024-01-11T14:19:46.382+06:30  INFO 9200 --- [           main] o.h.e.t.j.p.i.JtaPlatformInitiator       : HHH000489: No JTA platform available (set 'hibernate.transaction.jta.platform' to enable JTA platform integration)
Hibernate: create table model (id bigint not null auto_increment, created_at datetime(6) not null, updated_at datetime(6) not null, name varchar(255) not null, user_brand_id bigint, primary key (id)) engine=InnoDB
Hibernate: alter table model add constraint FKb4sdfwuk09tr88qmn4ij5nvma foreign key (user_brand_id) references user_brand (id)
2024-01-11T14:19:47.720+06:30  INFO 9200 --- [           main] j.LocalContainerEntityManagerFactoryBean : Initialized JPA EntityManagerFactory for persistence unit 'default'
2024-01-11T14:19:48.566+06:30  INFO 9200 --- [           main] o.s.d.j.r.query.QueryEnhancerFactory     : Hibernate is in classpath; If applicable, HQL parser will be used.
2024-01-11T14:19:50.025+06:30  WARN 9200 --- [           main] JpaBaseConfiguration$JpaWebConfiguration : spring.jpa.open-in-view is enabled by default. Therefore, database queries may be performed during view rendering. Explicitly configure spring.jpa.open-in-view to disable this warning
2024-01-11T14:19:50.653+06:30  INFO 9200 --- [           main] o.s.s.web.DefaultSecurityFilterChain     : Will secure any request with [org.springframework.security.web.session.DisableEncodeUrlFilter@67398bad, org.springframework.security.web.context.request.async.WebAsyncManagerIntegrationFilter@71cdb24, org.springframework.security.web.context.SecurityContextHolderFilter@72426ced, org.springframework.web.filter.CorsFilter@33a1bb90, org.springframework.security.web.authentication.logout.LogoutFilter@75edfe9a, cycleTest.cycleDemo.security.JwtAuthFilter@6124a7c0, org.springframework.security.web.savedrequest.RequestCacheAwareFilter@42b4cce1, org.springframework.security.web.servletapi.SecurityContextHolderAwareRequestFilter@63c6579, org.springframework.security.web.authentication.AnonymousAuthenticationFilter@520b547c, org.springframework.security.web.session.SessionManagementFilter@355e1080, org.springframework.security.web.access.ExceptionTranslationFilter@7edb2a4b]
2024-01-11T14:19:51.191+06:30  INFO 9200 --- [           main] o.s.m.s.b.SimpleBrokerMessageHandler     : Starting...
2024-01-11T14:19:51.194+06:30  INFO 9200 --- [           main] o.s.m.s.b.SimpleBrokerMessageHandler     : BrokerAvailabilityEvent[available=true, SimpleBrokerMessageHandler [org.springframework.messaging.simp.broker.DefaultSubscriptionRegistry@68fe866b]]
2024-01-11T14:19:51.195+06:30  INFO 9200 --- [           main] o.s.m.s.b.SimpleBrokerMessageHandler     : Started.
2024-01-11T14:19:51.203+06:30  INFO 9200 --- [           main] c.cycleDemo.CycleDemoApplicationTests    : Started CycleDemoApplicationTests in 11.283 seconds (process running for 13.289)
]]></system-out>
  </testcase>
</testsuite>